<?xml version="1.0" encoding="UTF-8"?>
<!-- Generated by org.testng.reporters.JUnitReportReporter -->
<testsuite hostname="SSCPLCBEL-201" failures="0" tests="1" name="annotations.dropdown" time="8.012" errors="0" timestamp="2024-06-06T17:12:27 IST" skipped="0">
  <testcase classname="annotations.dropdown" name="checkboxes" time="8.012"/>
  <system-out/>
</testsuite> <!-- annotations.dropdown -->
