<?xml version="1.0" encoding="UTF-8"?>
<!-- Generated by org.testng.reporters.JUnitReportReporter -->
<testsuite hostname="SSCPLCBEL-201" failures="0" tests="2" name="annotations.paralleltest" time="28.284" errors="0" timestamp="2024-06-03T12:12:53 IST" skipped="0">
  <testcase classname="annotations.paralleltest" name="sample9" time="8.492"/>
  <system-out/>
  <testcase classname="annotations.paralleltest" name="sample10" time="19.792"/>
  <system-out/>
</testsuite> <!-- annotations.paralleltest -->
