<?xml version="1.0" encoding="UTF-8"?>
<!-- Generated by org.testng.reporters.JUnitReportReporter -->
<testsuite hostname="SSCPLCBEL-201" failures="0" tests="2" name="annotations.grpTest" time="21.736" errors="0" timestamp="2024-06-03T12:05:24 IST" skipped="0">
  <testcase classname="annotations.grpTest" name="sample10" time="5.006"/>
  <system-out/>
  <testcase classname="annotations.grpTest" name="sample15" time="16.730"/>
  <system-out/>
</testsuite> <!-- annotations.grpTest -->
