<?xml version="1.0" encoding="UTF-8"?>
<!-- Generated by org.testng.reporters.JUnitReportReporter -->
<testsuite hostname="SSCPLCBEL-201" failures="0" tests="1" name="date.date1" time="17.062" errors="0" timestamp="2024-06-07T12:18:44 IST" skipped="0">
  <testcase classname="date.date1" name="datepicker" time="17.062"/>
  <system-out/>
</testsuite> <!-- date.date1 -->
