<?xml version="1.0" encoding="UTF-8"?>
<!-- Generated by org.testng.reporters.JUnitReportReporter -->
<testsuite hostname="SSCPLCBEL-201" failures="0" tests="1" name="annotations.BAMTest" time="3.951" errors="0" timestamp="2024-06-07T10:26:20 IST" skipped="0">
  <testcase classname="annotations.BAMTest" name="sample1" time="3.951"/>
  <system-out/>
</testsuite> <!-- annotations.BAMTest -->
