<?xml version="1.0" encoding="UTF-8"?>
<!-- Generated by org.testng.reporters.JUnitReportReporter -->
<testsuite hostname="SSCPLCBEL-201" failures="0" tests="2" name="annotations.BATTest" time="20.708" errors="0" timestamp="2024-06-07T10:26:20 IST" skipped="0">
  <testcase classname="annotations.BATTest" name="sample5" time="7.470"/>
  <system-out/>
  <testcase classname="annotations.BATTest" name="sample6" time="13.238"/>
  <system-out/>
</testsuite> <!-- annotations.BATTest -->
