<?xml version="1.0" encoding="UTF-8"?>
<!-- Generated by org.testng.reporters.JUnitReportReporter -->
<testsuite hostname="SSCPLCBEL-201" failures="0" tests="2" name="annotations.BASTest" time="14.107" errors="0" timestamp="2024-06-07T10:26:20 IST" skipped="0">
  <testcase classname="annotations.BASTest" name="sample8" time="8.423"/>
  <system-out/>
  <testcase classname="annotations.BASTest" name="sample7" time="5.684"/>
  <system-out/>
</testsuite> <!-- annotations.BASTest -->
