<?xml version="1.0" encoding="UTF-8"?>
<!-- Generated by org.testng.reporters.JUnitReportReporter -->
<testsuite hostname="SSCPLCBEL-201" failures="0" tests="2" name="annotations.BACTest" time="7.664" errors="0" timestamp="2024-06-07T10:26:20 IST" skipped="0">
  <testcase classname="annotations.BACTest" name="sample3" time="4.075"/>
  <system-out/>
  <testcase classname="annotations.BACTest" name="sample4" time="3.589"/>
  <system-out/>
</testsuite> <!-- annotations.BACTest -->
